2017-04-29 02:07:48 Warning: DebugKit not enabled. You need to either install pdo_sqlite, or define the "debug_kit" connection name.
2017-04-29 19:42:42 Warning: DebugKit not enabled. You need to either install pdo_sqlite, or define the "debug_kit" connection name.
2017-04-29 19:42:47 Warning: DebugKit not enabled. You need to either install pdo_sqlite, or define the "debug_kit" connection name.
2017-04-29 19:42:53 Warning: DebugKit not enabled. You need to either install pdo_sqlite, or define the "debug_kit" connection name.
2017-04-29 19:42:54 Warning: DebugKit not enabled. You need to either install pdo_sqlite, or define the "debug_kit" connection name.
2017-04-29 19:42:55 Warning: DebugKit not enabled. You need to either install pdo_sqlite, or define the "debug_kit" connection name.
2017-04-29 19:42:55 Warning: DebugKit not enabled. You need to either install pdo_sqlite, or define the "debug_kit" connection name.
2017-04-29 19:43:32 Warning: DebugKit not enabled. You need to either install pdo_sqlite, or define the "debug_kit" connection name.
2017-04-29 19:43:33 Warning: DebugKit not enabled. You need to either install pdo_sqlite, or define the "debug_kit" connection name.
2017-04-29 19:43:34 Warning: DebugKit not enabled. You need to either install pdo_sqlite, or define the "debug_kit" connection name.
2017-04-29 19:43:34 Warning: DebugKit not enabled. You need to either install pdo_sqlite, or define the "debug_kit" connection name.
2017-04-29 19:43:34 Warning: DebugKit not enabled. You need to either install pdo_sqlite, or define the "debug_kit" connection name.
2017-04-29 19:43:34 Warning: DebugKit not enabled. You need to either install pdo_sqlite, or define the "debug_kit" connection name.
2017-04-29 19:43:34 Warning: DebugKit not enabled. You need to either install pdo_sqlite, or define the "debug_kit" connection name.
2017-04-29 19:43:35 Warning: DebugKit not enabled. You need to either install pdo_sqlite, or define the "debug_kit" connection name.
2017-04-29 19:43:35 Warning: DebugKit not enabled. You need to either install pdo_sqlite, or define the "debug_kit" connection name.
2017-04-29 19:47:16 Warning: DebugKit not enabled. You need to either install pdo_sqlite, or define the "debug_kit" connection name.
2017-04-29 19:51:38 Warning: DebugKit not enabled. You need to either install pdo_sqlite, or define the "debug_kit" connection name.
2017-04-29 19:54:30 Warning: DebugKit not enabled. You need to either install pdo_sqlite, or define the "debug_kit" connection name.
2017-04-29 20:11:29 Warning: DebugKit not enabled. You need to either install pdo_sqlite, or define the "debug_kit" connection name.
2017-04-29 20:11:34 Warning: DebugKit not enabled. You need to either install pdo_sqlite, or define the "debug_kit" connection name.
2017-04-29 20:11:50 Warning: DebugKit not enabled. You need to either install pdo_sqlite, or define the "debug_kit" connection name.
2017-04-29 20:11:57 Warning: DebugKit not enabled. You need to either install pdo_sqlite, or define the "debug_kit" connection name.
2017-04-29 20:12:07 Warning: DebugKit not enabled. You need to either install pdo_sqlite, or define the "debug_kit" connection name.
2017-04-29 20:12:07 Warning: DebugKit not enabled. You need to either install pdo_sqlite, or define the "debug_kit" connection name.
2017-04-29 20:12:09 Warning: DebugKit not enabled. You need to either install pdo_sqlite, or define the "debug_kit" connection name.
2017-04-29 20:12:20 Warning: DebugKit not enabled. You need to either install pdo_sqlite, or define the "debug_kit" connection name.
2017-04-29 20:12:20 Error: [PDOException] SQLSTATE[HY000]: General error: 1364 Field 'id' doesn't have a default value
Request URL: /cities/add
Referer URL: http://localhost/marcelo/quejateya/cities/add
Stack Trace:
#0 /home/marcelo/public_html/quejateya/vendor/cakephp/cakephp/src/Database/Statement/MysqlStatement.php(39): PDOStatement->execute(NULL)
#1 /home/marcelo/public_html/quejateya/vendor/cakephp/cakephp/src/Database/Connection.php(313): Cake\Database\Statement\MysqlStatement->execute()
#2 /home/marcelo/public_html/quejateya/vendor/cakephp/cakephp/src/Database/Query.php(213): Cake\Database\Connection->run(Object(Cake\ORM\Query))
#3 /home/marcelo/public_html/quejateya/vendor/cakephp/cakephp/src/ORM/Table.php(1916): Cake\Database\Query->execute()
#4 /home/marcelo/public_html/quejateya/vendor/cakephp/cakephp/src/ORM/Table.php(1810): Cake\ORM\Table->_insert(Object(App\Model\Entity\City), Array)
#5 /home/marcelo/public_html/quejateya/vendor/cakephp/cakephp/src/ORM/Table.php(1723): Cake\ORM\Table->_processSave(Object(App\Model\Entity\City), Object(ArrayObject))
#6 /home/marcelo/public_html/quejateya/vendor/cakephp/cakephp/src/ORM/Table.php(1446): Cake\ORM\Table->Cake\ORM\{closure}()
#7 /home/marcelo/public_html/quejateya/vendor/cakephp/cakephp/src/Database/Connection.php(680): Cake\ORM\Table->Cake\ORM\{closure}(Object(Cake\Database\Connection))
#8 /home/marcelo/public_html/quejateya/vendor/cakephp/cakephp/src/ORM/Table.php(1447): Cake\Database\Connection->transactional(Object(Closure))
#9 /home/marcelo/public_html/quejateya/vendor/cakephp/cakephp/src/ORM/Table.php(1724): Cake\ORM\Table->_executeTransaction(Object(Closure), true)
#10 /home/marcelo/public_html/quejateya/src/Controller/CitiesController.php(57): Cake\ORM\Table->save(Object(App\Model\Entity\City))
#11 /home/marcelo/public_html/quejateya/vendor/cakephp/cakephp/src/Controller/Controller.php(440): App\Controller\CitiesController->add()
#12 /home/marcelo/public_html/quejateya/vendor/cakephp/cakephp/src/Http/ActionDispatcher.php(119): Cake\Controller\Controller->invokeAction()
#13 /home/marcelo/public_html/quejateya/vendor/cakephp/cakephp/src/Http/ActionDispatcher.php(93): Cake\Http\ActionDispatcher->_invoke(Object(App\Controller\CitiesController))
#14 /home/marcelo/public_html/quejateya/vendor/cakephp/cakephp/src/Http/BaseApplication.php(78): Cake\Http\ActionDispatcher->dispatch(Object(Cake\Http\ServerRequest), Object(Cake\Http\Response))
#15 /home/marcelo/public_html/quejateya/vendor/cakephp/cakephp/src/Http/Runner.php(65): Cake\Http\BaseApplication->__invoke(Object(Cake\Http\ServerRequest), Object(Cake\Http\Response), Object(Cake\Http\Runner))
#16 /home/marcelo/public_html/quejateya/vendor/cakephp/cakephp/src/Routing/Middleware/RoutingMiddleware.php(59): Cake\Http\Runner->__invoke(Object(Cake\Http\ServerRequest), Object(Cake\Http\Response))
#17 /home/marcelo/public_html/quejateya/vendor/cakephp/cakephp/src/Http/Runner.php(65): Cake\Routing\Middleware\RoutingMiddleware->__invoke(Object(Cake\Http\ServerRequest), Object(Cake\Http\Response), Object(Cake\Http\Runner))
#18 /home/marcelo/public_html/quejateya/vendor/cakephp/cakephp/src/Routing/Middleware/AssetMiddleware.php(88): Cake\Http\Runner->__invoke(Object(Cake\Http\ServerRequest), Object(Cake\Http\Response))
#19 /home/marcelo/public_html/quejateya/vendor/cakephp/cakephp/src/Http/Runner.php(65): Cake\Routing\Middleware\AssetMiddleware->__invoke(Object(Cake\Http\ServerRequest), Object(Cake\Http\Response), Object(Cake\Http\Runner))
#20 /home/marcelo/public_html/quejateya/vendor/cakephp/cakephp/src/Error/Middleware/ErrorHandlerMiddleware.php(92): Cake\Http\Runner->__invoke(Object(Cake\Http\ServerRequest), Object(Cake\Http\Response))
#21 /home/marcelo/public_html/quejateya/vendor/cakephp/cakephp/src/Http/Runner.php(65): Cake\Error\Middleware\ErrorHandlerMiddleware->__invoke(Object(Cake\Http\ServerRequest), Object(Cake\Http\Response), Object(Cake\Http\Runner))
#22 /home/marcelo/public_html/quejateya/vendor/cakephp/cakephp/src/Http/Runner.php(51): Cake\Http\Runner->__invoke(Object(Cake\Http\ServerRequest), Object(Cake\Http\Response))
#23 /home/marcelo/public_html/quejateya/vendor/cakephp/cakephp/src/Http/Server.php(80): Cake\Http\Runner->run(Object(Cake\Http\MiddlewareQueue), Object(Cake\Http\ServerRequest), Object(Cake\Http\Response))
#24 /home/marcelo/public_html/quejateya/webroot/index.php(37): Cake\Http\Server->run()
#25 {main}


2017-04-29 20:14:08 Warning: DebugKit not enabled. You need to either install pdo_sqlite, or define the "debug_kit" connection name.
2017-04-29 20:14:08 Warning: DebugKit not enabled. You need to either install pdo_sqlite, or define the "debug_kit" connection name.
2017-04-29 20:17:45 Warning: DebugKit not enabled. You need to either install pdo_sqlite, or define the "debug_kit" connection name.
2017-04-29 20:34:48 Warning: DebugKit not enabled. You need to either install pdo_sqlite, or define the "debug_kit" connection name.
2017-04-29 20:34:48 Warning: DebugKit not enabled. You need to either install pdo_sqlite, or define the "debug_kit" connection name.
2017-04-29 20:34:48 Warning: DebugKit not enabled. You need to either install pdo_sqlite, or define the "debug_kit" connection name.
2017-04-29 20:34:48 Warning: DebugKit not enabled. You need to either install pdo_sqlite, or define the "debug_kit" connection name.
2017-04-29 20:34:48 Warning: DebugKit not enabled. You need to either install pdo_sqlite, or define the "debug_kit" connection name.
2017-04-29 20:34:48 Warning: DebugKit not enabled. You need to either install pdo_sqlite, or define the "debug_kit" connection name.
2017-04-29 20:34:48 Warning: DebugKit not enabled. You need to either install pdo_sqlite, or define the "debug_kit" connection name.
2017-04-29 20:34:48 Warning: DebugKit not enabled. You need to either install pdo_sqlite, or define the "debug_kit" connection name.
2017-04-29 20:34:48 Warning: DebugKit not enabled. You need to either install pdo_sqlite, or define the "debug_kit" connection name.
2017-04-29 20:35:02 Warning: DebugKit not enabled. You need to either install pdo_sqlite, or define the "debug_kit" connection name.
2017-04-29 20:35:19 Warning: DebugKit not enabled. You need to either install pdo_sqlite, or define the "debug_kit" connection name.
2017-04-29 20:35:19 Error: [Cake\Routing\Exception\MissingControllerException] Controller class Posts could not be found.
Exception Attributes: array (
  'class' => 'Posts',
  'plugin' => false,
  'prefix' => false,
  '_ext' => false,
)
Request URL: /posts/add
Referer URL: http://localhost/marcelo/quejateya/valuations
Stack Trace:
#0 /home/marcelo/public_html/quejateya/vendor/cakephp/cakephp/src/Http/ControllerFactory.php(70): Cake\Http\ControllerFactory->missingController(Object(Cake\Http\ServerRequest))
#1 /home/marcelo/public_html/quejateya/vendor/cakephp/cakephp/src/Http/ActionDispatcher.php(90): Cake\Http\ControllerFactory->create(Object(Cake\Http\ServerRequest), Object(Cake\Http\Response))
#2 /home/marcelo/public_html/quejateya/vendor/cakephp/cakephp/src/Http/BaseApplication.php(78): Cake\Http\ActionDispatcher->dispatch(Object(Cake\Http\ServerRequest), Object(Cake\Http\Response))
#3 /home/marcelo/public_html/quejateya/vendor/cakephp/cakephp/src/Http/Runner.php(65): Cake\Http\BaseApplication->__invoke(Object(Cake\Http\ServerRequest), Object(Cake\Http\Response), Object(Cake\Http\Runner))
#4 /home/marcelo/public_html/quejateya/vendor/cakephp/cakephp/src/Routing/Middleware/RoutingMiddleware.php(59): Cake\Http\Runner->__invoke(Object(Cake\Http\ServerRequest), Object(Cake\Http\Response))
#5 /home/marcelo/public_html/quejateya/vendor/cakephp/cakephp/src/Http/Runner.php(65): Cake\Routing\Middleware\RoutingMiddleware->__invoke(Object(Cake\Http\ServerRequest), Object(Cake\Http\Response), Object(Cake\Http\Runner))
#6 /home/marcelo/public_html/quejateya/vendor/cakephp/cakephp/src/Routing/Middleware/AssetMiddleware.php(88): Cake\Http\Runner->__invoke(Object(Cake\Http\ServerRequest), Object(Cake\Http\Response))
#7 /home/marcelo/public_html/quejateya/vendor/cakephp/cakephp/src/Http/Runner.php(65): Cake\Routing\Middleware\AssetMiddleware->__invoke(Object(Cake\Http\ServerRequest), Object(Cake\Http\Response), Object(Cake\Http\Runner))
#8 /home/marcelo/public_html/quejateya/vendor/cakephp/cakephp/src/Error/Middleware/ErrorHandlerMiddleware.php(92): Cake\Http\Runner->__invoke(Object(Cake\Http\ServerRequest), Object(Cake\Http\Response))
#9 /home/marcelo/public_html/quejateya/vendor/cakephp/cakephp/src/Http/Runner.php(65): Cake\Error\Middleware\ErrorHandlerMiddleware->__invoke(Object(Cake\Http\ServerRequest), Object(Cake\Http\Response), Object(Cake\Http\Runner))
#10 /home/marcelo/public_html/quejateya/vendor/cakephp/cakephp/src/Http/Runner.php(51): Cake\Http\Runner->__invoke(Object(Cake\Http\ServerRequest), Object(Cake\Http\Response))
#11 /home/marcelo/public_html/quejateya/vendor/cakephp/cakephp/src/Http/Server.php(80): Cake\Http\Runner->run(Object(Cake\Http\MiddlewareQueue), Object(Cake\Http\ServerRequest), Object(Cake\Http\Response))
#12 /home/marcelo/public_html/quejateya/webroot/index.php(37): Cake\Http\Server->run()
#13 {main}


2017-04-29 20:35:22 Warning: DebugKit not enabled. You need to either install pdo_sqlite, or define the "debug_kit" connection name.
2017-04-29 20:35:23 Warning: DebugKit not enabled. You need to either install pdo_sqlite, or define the "debug_kit" connection name.
2017-04-29 20:36:04 Warning: DebugKit not enabled. You need to either install pdo_sqlite, or define the "debug_kit" connection name.
2017-05-03 00:45:05 Warning: DebugKit not enabled. You need to either install pdo_sqlite, or define the "debug_kit" connection name.
2017-05-03 00:45:05 Warning: DebugKit not enabled. You need to either install pdo_sqlite, or define the "debug_kit" connection name.
2017-05-03 00:45:05 Warning: DebugKit not enabled. You need to either install pdo_sqlite, or define the "debug_kit" connection name.
2017-05-03 00:45:05 Warning: DebugKit not enabled. You need to either install pdo_sqlite, or define the "debug_kit" connection name.
2017-05-03 00:45:05 Warning: DebugKit not enabled. You need to either install pdo_sqlite, or define the "debug_kit" connection name.
2017-05-03 00:45:05 Warning: DebugKit not enabled. You need to either install pdo_sqlite, or define the "debug_kit" connection name.
2017-05-03 00:45:05 Warning: DebugKit not enabled. You need to either install pdo_sqlite, or define the "debug_kit" connection name.
2017-05-03 00:45:05 Warning: DebugKit not enabled. You need to either install pdo_sqlite, or define the "debug_kit" connection name.
2017-05-03 00:45:05 Warning: DebugKit not enabled. You need to either install pdo_sqlite, or define the "debug_kit" connection name.
2017-05-03 00:45:05 Warning: DebugKit not enabled. You need to either install pdo_sqlite, or define the "debug_kit" connection name.
2017-05-03 00:45:05 Warning: DebugKit not enabled. You need to either install pdo_sqlite, or define the "debug_kit" connection name.
2017-05-03 00:45:05 Warning: DebugKit not enabled. You need to either install pdo_sqlite, or define the "debug_kit" connection name.
2017-05-03 00:45:05 Warning: DebugKit not enabled. You need to either install pdo_sqlite, or define the "debug_kit" connection name.
2017-05-03 00:45:05 Warning: DebugKit not enabled. You need to either install pdo_sqlite, or define the "debug_kit" connection name.
2017-05-03 00:45:05 Warning: DebugKit not enabled. You need to either install pdo_sqlite, or define the "debug_kit" connection name.
2017-05-03 00:45:05 Warning: DebugKit not enabled. You need to either install pdo_sqlite, or define the "debug_kit" connection name.
2017-05-03 00:45:05 Warning: DebugKit not enabled. You need to either install pdo_sqlite, or define the "debug_kit" connection name.
2017-05-03 00:45:05 Warning: DebugKit not enabled. You need to either install pdo_sqlite, or define the "debug_kit" connection name.
2017-05-03 00:45:05 Warning: DebugKit not enabled. You need to either install pdo_sqlite, or define the "debug_kit" connection name.
2017-05-03 00:45:05 Warning: DebugKit not enabled. You need to either install pdo_sqlite, or define the "debug_kit" connection name.
2017-05-03 00:45:05 Warning: DebugKit not enabled. You need to either install pdo_sqlite, or define the "debug_kit" connection name.
2017-05-03 00:45:05 Warning: DebugKit not enabled. You need to either install pdo_sqlite, or define the "debug_kit" connection name.
2017-05-03 00:45:05 Warning: DebugKit not enabled. You need to either install pdo_sqlite, or define the "debug_kit" connection name.
2017-05-03 00:45:06 Warning: DebugKit not enabled. You need to either install pdo_sqlite, or define the "debug_kit" connection name.
2017-05-03 00:45:06 Warning: DebugKit not enabled. You need to either install pdo_sqlite, or define the "debug_kit" connection name.
2017-05-03 00:45:06 Warning: DebugKit not enabled. You need to either install pdo_sqlite, or define the "debug_kit" connection name.
2017-05-03 00:45:32 Warning: DebugKit not enabled. You need to either install pdo_sqlite, or define the "debug_kit" connection name.
2017-05-03 00:45:32 Warning: DebugKit not enabled. You need to either install pdo_sqlite, or define the "debug_kit" connection name.
2017-05-03 00:45:32 Warning: DebugKit not enabled. You need to either install pdo_sqlite, or define the "debug_kit" connection name.
2017-05-03 00:45:32 Warning: DebugKit not enabled. You need to either install pdo_sqlite, or define the "debug_kit" connection name.
2017-05-03 00:45:32 Warning: DebugKit not enabled. You need to either install pdo_sqlite, or define the "debug_kit" connection name.
2017-05-03 00:45:32 Warning: DebugKit not enabled. You need to either install pdo_sqlite, or define the "debug_kit" connection name.
2017-05-03 00:45:32 Warning: DebugKit not enabled. You need to either install pdo_sqlite, or define the "debug_kit" connection name.
2017-05-03 00:45:32 Warning: DebugKit not enabled. You need to either install pdo_sqlite, or define the "debug_kit" connection name.
2017-05-03 00:45:32 Warning: DebugKit not enabled. You need to either install pdo_sqlite, or define the "debug_kit" connection name.
2017-05-03 00:45:32 Warning: DebugKit not enabled. You need to either install pdo_sqlite, or define the "debug_kit" connection name.
2017-05-03 00:45:32 Warning: DebugKit not enabled. You need to either install pdo_sqlite, or define the "debug_kit" connection name.
2017-05-03 00:45:32 Warning: DebugKit not enabled. You need to either install pdo_sqlite, or define the "debug_kit" connection name.
2017-05-03 00:45:32 Warning: DebugKit not enabled. You need to either install pdo_sqlite, or define the "debug_kit" connection name.
2017-05-03 00:45:32 Warning: DebugKit not enabled. You need to either install pdo_sqlite, or define the "debug_kit" connection name.
2017-05-03 00:45:32 Warning: DebugKit not enabled. You need to either install pdo_sqlite, or define the "debug_kit" connection name.
2017-05-03 00:45:32 Warning: DebugKit not enabled. You need to either install pdo_sqlite, or define the "debug_kit" connection name.
2017-05-03 00:45:32 Warning: DebugKit not enabled. You need to either install pdo_sqlite, or define the "debug_kit" connection name.
2017-05-03 00:45:32 Warning: DebugKit not enabled. You need to either install pdo_sqlite, or define the "debug_kit" connection name.
2017-05-03 00:45:32 Warning: DebugKit not enabled. You need to either install pdo_sqlite, or define the "debug_kit" connection name.
2017-05-03 00:45:32 Warning: DebugKit not enabled. You need to either install pdo_sqlite, or define the "debug_kit" connection name.
2017-05-03 00:45:32 Warning: DebugKit not enabled. You need to either install pdo_sqlite, or define the "debug_kit" connection name.
2017-05-03 00:45:32 Warning: DebugKit not enabled. You need to either install pdo_sqlite, or define the "debug_kit" connection name.
2017-05-03 00:45:32 Warning: DebugKit not enabled. You need to either install pdo_sqlite, or define the "debug_kit" connection name.
2017-05-03 00:45:34 Warning: DebugKit not enabled. You need to either install pdo_sqlite, or define the "debug_kit" connection name.
2017-05-03 00:45:40 Warning: DebugKit not enabled. You need to either install pdo_sqlite, or define the "debug_kit" connection name.
2017-05-03 00:45:49 Warning: DebugKit not enabled. You need to either install pdo_sqlite, or define the "debug_kit" connection name.
2017-05-03 00:51:18 Warning: DebugKit not enabled. You need to either install pdo_sqlite, or define the "debug_kit" connection name.
